{"C:\\Users\\Claw\\.gemini\\antigravity-ide\\brain\\96f772f1-1a92-491b-b946-a91008d7c3dd\\health dashboard\\src\\app.ts": {"path":"C:\\Users\\Claw\\.gemini\\antigravity-ide\\brain\\96f772f1-1a92-491b-b946-a91008d7c3dd\\health dashboard\\src\\app.ts","statementMap":{"0":{"start":{"line":22,"column":0},"end":{"line":22,"column":16}},"1":{"start":{"line":1,"column":0},"end":{"line":1,"column":67}},"2":{"start":{"line":2,"column":0},"end":{"line":2,"column":24}},"3":{"start":{"line":3,"column":0},"end":{"line":3,"column":24}},"4":{"start":{"line":4,"column":0},"end":{"line":4,"column":49}},"5":{"start":{"line":5,"column":0},"end":{"line":5,"column":55}},"6":{"start":{"line":6,"column":0},"end":{"line":6,"column":45}},"7":{"start":{"line":7,"column":0},"end":{"line":7,"column":40}},"8":{"start":{"line":9,"column":13},"end":{"line":9,"column":29}},"9":{"start":{"line":11,"column":0},"end":{"line":11,"column":16}},"10":{"start":{"line":12,"column":0},"end":{"line":12,"column":24}},"11":{"start":{"line":14,"column":0},"end":{"line":14,"column":33}},"12":{"start":{"line":15,"column":0},"end":{"line":15,"column":39}},"13":{"start":{"line":17,"column":0},"end":{"line":19,"column":3}},"14":{"start":{"line":18,"column":2},"end":{"line":18,"column":66}},"15":{"start":{"line":23,"column":2},"end":{"line":39,"column":3}},"16":{"start":{"line":24,"column":4},"end":{"line":32,"column":7}},"17":{"start":{"line":34,"column":4},"end":{"line":38,"column":7}},"18":{"start":{"line":41,"column":2},"end":{"line":54,"column":3}},"19":{"start":{"line":42,"column":4},"end":{"line":47,"column":7}},"20":{"start":{"line":49,"column":4},"end":{"line":53,"column":7}},"21":{"start":{"line":56,"column":25},"end":{"line":56,"column":76}},"22":{"start":{"line":57,"column":2},"end":{"line":62,"column":5}},"23":{"start":{"line":64,"column":2},"end":{"line":68,"column":5}},"24":{"start":{"line":71,"column":0},"end":{"line":71,"column":32}}},"fnMap":{"0":{"name":"(anonymous_1)","decl":{"start":{"line":17,"column":19},"end":{"line":17,"column":20}},"loc":{"start":{"line":17,"column":51},"end":{"line":19,"column":1}}},"1":{"name":"errorHandlerMiddleware","decl":{"start":{"line":22,"column":16},"end":{"line":22,"column":38}},"loc":{"start":{"line":22,"column":101},"end":{"line":69,"column":1}}}},"branchMap":{"0":{"loc":{"start":{"line":23,"column":2},"end":{"line":39,"column":3}},"type":"if","locations":[{"start":{"line":23,"column":2},"end":{"line":39,"column":3}}]},"1":{"loc":{"start":{"line":37,"column":15},"end":{"line":37,"column":78}},"type":"cond-expr","locations":[{"start":{"line":37,"column":55},"end":{"line":37,"column":66}},{"start":{"line":37,"column":69},"end":{"line":37,"column":78}}]},"2":{"loc":{"start":{"line":41,"column":2},"end":{"line":54,"column":3}},"type":"if","locations":[{"start":{"line":41,"column":2},"end":{"line":54,"column":3}}]},"3":{"loc":{"start":{"line":56,"column":25},"end":{"line":56,"column":76}},"type":"cond-expr","locations":[{"start":{"line":56,"column":48},"end":{"line":56,"column":51}},{"start":{"line":56,"column":54},"end":{"line":56,"column":76}}]},"4":{"loc":{"start":{"line":67,"column":13},"end":{"line":67,"column":87}},"type":"cond-expr","locations":[{"start":{"line":67,"column":53},"end":{"line":67,"column":75}},{"start":{"line":67,"column":78},"end":{"line":67,"column":87}}]}},"s":{"0":2,"1":2,"2":2,"3":2,"4":2,"5":2,"6":2,"7":2,"8":2,"9":2,"10":2,"11":2,"12":2,"13":2,"14":0,"15":10,"16":8,"17":8,"18":2,"19":0,"20":0,"21":2,"22":2,"23":2,"24":2},"f":{"0":0,"1":10},"b":{"0":[8],"1":[7,1],"2":[0],"3":[2,0],"4":[0,2]}}
,"C:\\Users\\Claw\\.gemini\\antigravity-ide\\brain\\96f772f1-1a92-491b-b946-a91008d7c3dd\\health dashboard\\src\\adapters\\googleHealthAdapter.ts": {"path":"C:\\Users\\Claw\\.gemini\\antigravity-ide\\brain\\96f772f1-1a92-491b-b946-a91008d7c3dd\\health dashboard\\src\\adapters\\googleHealthAdapter.ts","statementMap":{"0":{"start":{"line":1,"column":0},"end":{"line":1,"column":24}},"1":{"start":{"line":3,"column":0},"end":{"line":3,"column":61}},"2":{"start":{"line":4,"column":0},"end":{"line":4,"column":36}},"3":{"start":{"line":5,"column":0},"end":{"line":5,"column":75}},"4":{"start":{"line":7,"column":34},"end":{"line":13,"column":2}},"5":{"start":{"line":16,"column":24},"end":{"line":16,"column":39}},"6":{"start":{"line":18,"column":25},"end":{"line":24,"column":4}},"7":{"start":{"line":31,"column":4},"end":{"line":31,"column":53}},"8":{"start":{"line":32,"column":4},"end":{"line":32,"column":65}},"9":{"start":{"line":33,"column":4},"end":{"line":33,"column":62}},"10":{"start":{"line":37,"column":19},"end":{"line":45,"column":6}},"11":{"start":{"line":46,"column":4},"end":{"line":46,"column":79}},"12":{"start":{"line":50,"column":4},"end":{"line":57,"column":5}},"13":{"start":{"line":51,"column":6},"end":{"line":56,"column":8}},"14":{"start":{"line":59,"column":21},"end":{"line":72,"column":6}},"15":{"start":{"line":74,"column":4},"end":{"line":79,"column":5}},"16":{"start":{"line":75,"column":24},"end":{"line":75,"column":45}},"17":{"start":{"line":76,"column":6},"end":{"line":78,"column":9}},"18":{"start":{"line":81,"column":29},"end":{"line":81,"column":50}},"19":{"start":{"line":82,"column":24},"end":{"line":82,"column":68}},"20":{"start":{"line":84,"column":4},"end":{"line":89,"column":5}},"21":{"start":{"line":85,"column":6},"end":{"line":88,"column":9}},"22":{"start":{"line":91,"column":17},"end":{"line":91,"column":33}},"23":{"start":{"line":92,"column":4},"end":{"line":97,"column":6}},"24":{"start":{"line":101,"column":4},"end":{"line":105,"column":5}},"25":{"start":{"line":102,"column":6},"end":{"line":104,"column":9}},"26":{"start":{"line":107,"column":4},"end":{"line":114,"column":5}},"27":{"start":{"line":108,"column":6},"end":{"line":113,"column":8}},"28":{"start":{"line":116,"column":21},"end":{"line":128,"column":6}},"29":{"start":{"line":130,"column":4},"end":{"line":135,"column":5}},"30":{"start":{"line":131,"column":24},"end":{"line":131,"column":45}},"31":{"start":{"line":132,"column":6},"end":{"line":134,"column":9}},"32":{"start":{"line":137,"column":29},"end":{"line":137,"column":50}},"33":{"start":{"line":138,"column":24},"end":{"line":138,"column":68}},"34":{"start":{"line":140,"column":4},"end":{"line":145,"column":5}},"35":{"start":{"line":141,"column":6},"end":{"line":144,"column":9}},"36":{"start":{"line":147,"column":17},"end":{"line":147,"column":33}},"37":{"start":{"line":148,"column":4},"end":{"line":153,"column":6}},"38":{"start":{"line":157,"column":4},"end":{"line":162,"column":6}},"39":{"start":{"line":166,"column":19},"end":{"line":166,"column":77}},"40":{"start":{"line":167,"column":23},"end":{"line":167,"column":99}},"41":{"start":{"line":168,"column":23},"end":{"line":168,"column":80}},"42":{"start":{"line":169,"column":25},"end":{"line":169,"column":88}},"43":{"start":{"line":170,"column":17},"end":{"line":170,"column":74}},"44":{"start":{"line":171,"column":25},"end":{"line":171,"column":86}},"45":{"start":{"line":172,"column":24},"end":{"line":172,"column":95}},"46":{"start":{"line":173,"column":22},"end":{"line":173,"column":92}},"47":{"start":{"line":174,"column":20},"end":{"line":174,"column":86}},"48":{"start":{"line":176,"column":4},"end":{"line":188,"column":7}},"49":{"start":{"line":15,"column":0},"end":{"line":15,"column":13}}},"fnMap":{"0":{"name":"(anonymous_0)","decl":{"start":{"line":30,"column":2},"end":{"line":30,"column":14}},"loc":{"start":{"line":30,"column":76},"end":{"line":34,"column":3}}},"1":{"name":"(anonymous_1)","decl":{"start":{"line":36,"column":9},"end":{"line":36,"column":19}},"loc":{"start":{"line":36,"column":39},"end":{"line":47,"column":3}}},"2":{"name":"(anonymous_2)","decl":{"start":{"line":49,"column":9},"end":{"line":49,"column":14}},"loc":{"start":{"line":49,"column":62},"end":{"line":98,"column":3}}},"3":{"name":"(anonymous_3)","decl":{"start":{"line":100,"column":9},"end":{"line":100,"column":14}},"loc":{"start":{"line":100,"column":48},"end":{"line":154,"column":3}}},"4":{"name":"(anonymous_4)","decl":{"start":{"line":156,"column":9},"end":{"line":156,"column":14}},"loc":{"start":{"line":156,"column":39},"end":{"line":163,"column":3}}},"5":{"name":"(anonymous_5)","decl":{"start":{"line":165,"column":9},"end":{"line":165,"column":30}},"loc":{"start":{"line":165,"column":64},"end":{"line":189,"column":3}}}},"branchMap":{"0":{"loc":{"start":{"line":31,"column":20},"end":{"line":31,"column":52}},"type":"binary-expr","locations":[{"start":{"line":31,"column":20},"end":{"line":31,"column":28}},{"start":{"line":31,"column":32},"end":{"line":31,"column":52}}]},"1":{"loc":{"start":{"line":32,"column":24},"end":{"line":32,"column":64}},"type":"binary-expr","locations":[{"start":{"line":32,"column":24},"end":{"line":32,"column":36}},{"start":{"line":32,"column":40},"end":{"line":32,"column":64}}]},"2":{"loc":{"start":{"line":33,"column":23},"end":{"line":33,"column":61}},"type":"binary-expr","locations":[{"start":{"line":33,"column":23},"end":{"line":33,"column":34}},{"start":{"line":33,"column":38},"end":{"line":33,"column":61}}]},"3":{"loc":{"start":{"line":50,"column":4},"end":{"line":57,"column":5}},"type":"if","locations":[{"start":{"line":50,"column":4},"end":{"line":57,"column":5}}]},"4":{"loc":{"start":{"line":50,"column":8},"end":{"line":50,"column":65}},"type":"binary-expr","locations":[{"start":{"line":50,"column":8},"end":{"line":50,"column":38}},{"start":{"line":50,"column":42},"end":{"line":50,"column":65}}]},"5":{"loc":{"start":{"line":66,"column":22},"end":{"line":66,"column":53}},"type":"binary-expr","locations":[{"start":{"line":66,"column":22},"end":{"line":66,"column":33}},{"start":{"line":66,"column":37},"end":{"line":66,"column":53}}]},"6":{"loc":{"start":{"line":74,"column":4},"end":{"line":79,"column":5}},"type":"if","locations":[{"start":{"line":74,"column":4},"end":{"line":79,"column":5}}]},"7":{"loc":{"start":{"line":84,"column":4},"end":{"line":89,"column":5}},"type":"if","locations":[{"start":{"line":84,"column":4},"end":{"line":89,"column":5}}]},"8":{"loc":{"start":{"line":94,"column":20},"end":{"line":94,"column":44}},"type":"binary-expr","locations":[{"start":{"line":94,"column":20},"end":{"line":94,"column":38}},{"start":{"line":94,"column":42},"end":{"line":94,"column":44}}]},"9":{"loc":{"start":{"line":96,"column":14},"end":{"line":96,"column":77}},"type":"cond-expr","locations":[{"start":{"line":96,"column":27},"end":{"line":96,"column":48}},{"start":{"line":96,"column":51},"end":{"line":96,"column":77}}]},"10":{"loc":{"start":{"line":101,"column":4},"end":{"line":105,"column":5}},"type":"if","locations":[{"start":{"line":101,"column":4},"end":{"line":105,"column":5}}]},"11":{"loc":{"start":{"line":107,"column":4},"end":{"line":114,"column":5}},"type":"if","locations":[{"start":{"line":107,"column":4},"end":{"line":114,"column":5}}]},"12":{"loc":{"start":{"line":107,"column":8},"end":{"line":107,"column":65}},"type":"binary-expr","locations":[{"start":{"line":107,"column":8},"end":{"line":107,"column":38}},{"start":{"line":107,"column":42},"end":{"line":107,"column":65}}]},"13":{"loc":{"start":{"line":130,"column":4},"end":{"line":135,"column":5}},"type":"if","locations":[{"start":{"line":130,"column":4},"end":{"line":135,"column":5}}]},"14":{"loc":{"start":{"line":140,"column":4},"end":{"line":145,"column":5}},"type":"if","locations":[{"start":{"line":140,"column":4},"end":{"line":145,"column":5}}]},"15":{"loc":{"start":{"line":150,"column":20},"end":{"line":150,"column":54}},"type":"binary-expr","locations":[{"start":{"line":150,"column":20},"end":{"line":150,"column":38}},{"start":{"line":150,"column":42},"end":{"line":150,"column":54}}]},"16":{"loc":{"start":{"line":152,"column":14},"end":{"line":152,"column":77}},"type":"cond-expr","locations":[{"start":{"line":152,"column":27},"end":{"line":152,"column":48}},{"start":{"line":152,"column":51},"end":{"line":152,"column":77}}]},"17":{"loc":{"start":{"line":166,"column":19},"end":{"line":166,"column":77}},"type":"cond-expr","locations":[{"start":{"line":166,"column":57},"end":{"line":166,"column":72}},{"start":{"line":166,"column":75},"end":{"line":166,"column":77}}]},"18":{"loc":{"start":{"line":167,"column":23},"end":{"line":167,"column":99}},"type":"cond-expr","locations":[{"start":{"line":167,"column":65},"end":{"line":167,"column":84}},{"start":{"line":167,"column":87},"end":{"line":167,"column":99}}]},"19":{"loc":{"start":{"line":168,"column":23},"end":{"line":168,"column":80}},"type":"cond-expr","locations":[{"start":{"line":168,"column":57},"end":{"line":168,"column":68}},{"start":{"line":168,"column":71},"end":{"line":168,"column":80}}]},"20":{"loc":{"start":{"line":169,"column":25},"end":{"line":169,"column":88}},"type":"cond-expr","locations":[{"start":{"line":169,"column":62},"end":{"line":169,"column":76}},{"start":{"line":169,"column":79},"end":{"line":169,"column":88}}]},"21":{"loc":{"start":{"line":170,"column":17},"end":{"line":170,"column":74}},"type":"cond-expr","locations":[{"start":{"line":170,"column":53},"end":{"line":170,"column":66}},{"start":{"line":170,"column":69},"end":{"line":170,"column":74}}]},"22":{"loc":{"start":{"line":171,"column":25},"end":{"line":171,"column":86}},"type":"cond-expr","locations":[{"start":{"line":171,"column":66},"end":{"line":171,"column":78}},{"start":{"line":171,"column":81},"end":{"line":171,"column":86}}]},"23":{"loc":{"start":{"line":172,"column":24},"end":{"line":172,"column":95}},"type":"cond-expr","locations":[{"start":{"line":172,"column":67},"end":{"line":172,"column":87}},{"start":{"line":172,"column":90},"end":{"line":172,"column":95}}]},"24":{"loc":{"start":{"line":173,"column":22},"end":{"line":173,"column":92}},"type":"cond-expr","locations":[{"start":{"line":173,"column":43},"end":{"line":173,"column":79}},{"start":{"line":173,"column":82},"end":{"line":173,"column":92}}]},"25":{"loc":{"start":{"line":174,"column":20},"end":{"line":174,"column":86}},"type":"cond-expr","locations":[{"start":{"line":174,"column":39},"end":{"line":174,"column":73}},{"start":{"line":174,"column":76},"end":{"line":174,"column":86}}]}},"s":{"0":2,"1":2,"2":2,"3":2,"4":2,"5":2,"6":2,"7":2,"8":2,"9":2,"10":2,"11":2,"12":1,"13":1,"14":0,"15":0,"16":0,"17":0,"18":0,"19":0,"20":0,"21":0,"22":0,"23":0,"24":0,"25":0,"26":0,"27":0,"28":0,"29":0,"30":0,"31":0,"32":0,"33":0,"34":0,"35":0,"36":0,"37":0,"38":0,"39":0,"40":0,"41":0,"42":0,"43":0,"44":0,"45":0,"46":0,"47":0,"48":0,"49":2},"f":{"0":2,"1":2,"2":1,"3":0,"4":0,"5":0},"b":{"0":[2,2],"1":[2,2],"2":[2,2],"3":[1],"4":[1,0],"5":[0,0],"6":[0],"7":[0],"8":[0,0],"9":[0,0],"10":[0],"11":[0],"12":[0,0],"13":[0],"14":[0],"15":[0,0],"16":[0,0],"17":[0,0],"18":[0,0],"19":[0,0],"20":[0,0],"21":[0,0],"22":[0,0],"23":[0,0],"24":[0,0],"25":[0,0]}}
,"C:\\Users\\Claw\\.gemini\\antigravity-ide\\brain\\96f772f1-1a92-491b-b946-a91008d7c3dd\\health dashboard\\src\\config\\env.ts": {"path":"C:\\Users\\Claw\\.gemini\\antigravity-ide\\brain\\96f772f1-1a92-491b-b946-a91008d7c3dd\\health dashboard\\src\\config\\env.ts","statementMap":{"0":{"start":{"line":1,"column":0},"end":{"line":1,"column":24}},"1":{"start":{"line":2,"column":0},"end":{"line":2,"column":33}},"2":{"start":{"line":3,"column":0},"end":{"line":3,"column":53}},"3":{"start":{"line":5,"column":0},"end":{"line":5,"column":16}},"4":{"start":{"line":7,"column":13},"end":{"line":17,"column":3}},"5":{"start":{"line":22,"column":17},"end":{"line":22,"column":49}},"6":{"start":{"line":23,"column":2},"end":{"line":28,"column":3}},"7":{"start":{"line":24,"column":25},"end":{"line":24,"column":103}},"8":{"start":{"line":24,"column":56},"end":{"line":24,"column":91}},"9":{"start":{"line":25,"column":4},"end":{"line":27,"column":7}},"10":{"start":{"line":29,"column":2},"end":{"line":29,"column":21}},"11":{"start":{"line":32,"column":13},"end":{"line":32,"column":29}}},"fnMap":{"0":{"name":"loadEnv","decl":{"start":{"line":21,"column":9},"end":{"line":21,"column":16}},"loc":{"start":{"line":21,"column":16},"end":{"line":30,"column":1}}},"1":{"name":"(anonymous_10)","decl":{"start":{"line":24,"column":49},"end":{"line":24,"column":50}},"loc":{"start":{"line":24,"column":56},"end":{"line":24,"column":91}}}},"branchMap":{"0":{"loc":{"start":{"line":23,"column":2},"end":{"line":28,"column":3}},"type":"if","locations":[{"start":{"line":23,"column":2},"end":{"line":28,"column":3}}]}},"s":{"0":4,"1":4,"2":4,"3":4,"4":4,"5":4,"6":4,"7":0,"8":0,"9":0,"10":4,"11":4},"f":{"0":4,"1":0},"b":{"0":[0]}}
,"C:\\Users\\Claw\\.gemini\\antigravity-ide\\brain\\96f772f1-1a92-491b-b946-a91008d7c3dd\\health dashboard\\src\\db\\index.ts": {"path":"C:\\Users\\Claw\\.gemini\\antigravity-ide\\brain\\96f772f1-1a92-491b-b946-a91008d7c3dd\\health dashboard\\src\\db\\index.ts","statementMap":{"0":{"start":{"line":1,"column":0},"end":{"line":1,"column":52}},"1":{"start":{"line":2,"column":0},"end":{"line":2,"column":26}},"2":{"start":{"line":3,"column":0},"end":{"line":3,"column":35}},"3":{"start":{"line":4,"column":0},"end":{"line":4,"column":33}},"4":{"start":{"line":6,"column":0},"end":{"line":6,"column":16}},"5":{"start":{"line":8,"column":13},"end":{"line":10,"column":2}},"6":{"start":{"line":13,"column":9},"end":{"line":13,"column":13}},"7":{"start":{"line":12,"column":13},"end":{"line":12,"column":44}}},"fnMap":{},"branchMap":{"0":{"loc":{"start":{"line":9,"column":20},"end":{"line":9,"column":112}},"type":"binary-expr","locations":[{"start":{"line":9,"column":20},"end":{"line":9,"column":44}},{"start":{"line":9,"column":48},"end":{"line":9,"column":112}}]}},"s":{"0":3,"1":3,"2":3,"3":3,"4":3,"5":3,"6":3,"7":3},"f":{},"b":{"0":[3,0]}}
,"C:\\Users\\Claw\\.gemini\\antigravity-ide\\brain\\96f772f1-1a92-491b-b946-a91008d7c3dd\\health dashboard\\src\\db\\schema.ts": {"path":"C:\\Users\\Claw\\.gemini\\antigravity-ide\\brain\\96f772f1-1a92-491b-b946-a91008d7c3dd\\health dashboard\\src\\db\\schema.ts","statementMap":{"0":{"start":{"line":1,"column":0},"end":{"line":1,"column":122}},"1":{"start":{"line":2,"column":0},"end":{"line":2,"column":34}},"2":{"start":{"line":4,"column":13},"end":{"line":10,"column":3}},"3":{"start":{"line":12,"column":13},"end":{"line":22,"column":3}},"4":{"start":{"line":14,"column":43},"end":{"line":14,"column":51}},"5":{"start":{"line":24,"column":13},"end":{"line":49,"column":4}},"6":{"start":{"line":26,"column":43},"end":{"line":26,"column":51}},"7":{"start":{"line":41,"column":15},"end":{"line":49,"column":2}},"8":{"start":{"line":51,"column":13},"end":{"line":66,"column":3}},"9":{"start":{"line":53,"column":43},"end":{"line":53,"column":51}}},"fnMap":{"0":{"name":"(anonymous_0)","decl":{"start":{"line":14,"column":37},"end":{"line":14,"column":40}},"loc":{"start":{"line":14,"column":43},"end":{"line":14,"column":51}}},"1":{"name":"(anonymous_1)","decl":{"start":{"line":26,"column":37},"end":{"line":26,"column":40}},"loc":{"start":{"line":26,"column":43},"end":{"line":26,"column":51}}},"2":{"name":"(anonymous_2)","decl":{"start":{"line":41,"column":3},"end":{"line":41,"column":4}},"loc":{"start":{"line":41,"column":15},"end":{"line":49,"column":2}}},"3":{"name":"(anonymous_3)","decl":{"start":{"line":53,"column":37},"end":{"line":53,"column":40}},"loc":{"start":{"line":53,"column":43},"end":{"line":53,"column":51}}}},"branchMap":{},"s":{"0":4,"1":4,"2":4,"3":4,"4":0,"5":4,"6":0,"7":3,"8":4,"9":0},"f":{"0":0,"1":0,"2":3,"3":0},"b":{}}
,"C:\\Users\\Claw\\.gemini\\antigravity-ide\\brain\\96f772f1-1a92-491b-b946-a91008d7c3dd\\health dashboard\\src\\errors\\AppError.ts": {"path":"C:\\Users\\Claw\\.gemini\\antigravity-ide\\brain\\96f772f1-1a92-491b-b946-a91008d7c3dd\\health dashboard\\src\\errors\\AppError.ts","statementMap":{"0":{"start":{"line":9,"column":4},"end":{"line":9,"column":19}},"1":{"start":{"line":10,"column":4},"end":{"line":10,"column":38}},"2":{"start":{"line":11,"column":4},"end":{"line":11,"column":33}},"3":{"start":{"line":12,"column":4},"end":{"line":12,"column":21}},"4":{"start":{"line":13,"column":4},"end":{"line":13,"column":27}},"5":{"start":{"line":15,"column":4},"end":{"line":20,"column":7}},"6":{"start":{"line":22,"column":4},"end":{"line":27,"column":7}},"7":{"start":{"line":29,"column":4},"end":{"line":29,"column":52}},"8":{"start":{"line":3,"column":0},"end":{"line":3,"column":13}},"9":{"start":{"line":35,"column":4},"end":{"line":35,"column":53}},"10":{"start":{"line":33,"column":0},"end":{"line":33,"column":13}},"11":{"start":{"line":41,"column":4},"end":{"line":41,"column":57}},"12":{"start":{"line":39,"column":0},"end":{"line":39,"column":13}},"13":{"start":{"line":47,"column":4},"end":{"line":47,"column":52}},"14":{"start":{"line":45,"column":0},"end":{"line":45,"column":13}},"15":{"start":{"line":56,"column":4},"end":{"line":60,"column":7}},"16":{"start":{"line":61,"column":4},"end":{"line":61,"column":35}},"17":{"start":{"line":62,"column":4},"end":{"line":62,"column":49}},"18":{"start":{"line":51,"column":0},"end":{"line":51,"column":13}},"19":{"start":{"line":68,"column":4},"end":{"line":68,"column":51}},"20":{"start":{"line":66,"column":0},"end":{"line":66,"column":13}},"21":{"start":{"line":74,"column":4},"end":{"line":74,"column":56}},"22":{"start":{"line":72,"column":0},"end":{"line":72,"column":13}}},"fnMap":{"0":{"name":"(anonymous_0)","decl":{"start":{"line":8,"column":2},"end":{"line":8,"column":14}},"loc":{"start":{"line":8,"column":116},"end":{"line":30,"column":3}}},"1":{"name":"(anonymous_1)","decl":{"start":{"line":34,"column":2},"end":{"line":34,"column":14}},"loc":{"start":{"line":34,"column":57},"end":{"line":36,"column":3}}},"2":{"name":"(anonymous_2)","decl":{"start":{"line":40,"column":2},"end":{"line":40,"column":14}},"loc":{"start":{"line":40,"column":57},"end":{"line":42,"column":3}}},"3":{"name":"(anonymous_3)","decl":{"start":{"line":46,"column":2},"end":{"line":46,"column":14}},"loc":{"start":{"line":46,"column":57},"end":{"line":48,"column":3}}},"4":{"name":"(anonymous_4)","decl":{"start":{"line":55,"column":2},"end":{"line":55,"column":14}},"loc":{"start":{"line":55,"column":107},"end":{"line":63,"column":3}}},"5":{"name":"(anonymous_5)","decl":{"start":{"line":67,"column":2},"end":{"line":67,"column":14}},"loc":{"start":{"line":67,"column":57},"end":{"line":69,"column":3}}},"6":{"name":"(anonymous_6)","decl":{"start":{"line":73,"column":2},"end":{"line":73,"column":14}},"loc":{"start":{"line":73,"column":57},"end":{"line":75,"column":3}}}},"branchMap":{"0":{"loc":{"start":{"line":8,"column":31},"end":{"line":8,"column":55}},"type":"default-arg","locations":[{"start":{"line":8,"column":52},"end":{"line":8,"column":55}}]},"1":{"loc":{"start":{"line":8,"column":57},"end":{"line":8,"column":88}},"type":"default-arg","locations":[{"start":{"line":8,"column":72},"end":{"line":8,"column":88}}]},"2":{"loc":{"start":{"line":8,"column":90},"end":{"line":8,"column":116}},"type":"default-arg","locations":[{"start":{"line":8,"column":114},"end":{"line":8,"column":116}}]},"3":{"loc":{"start":{"line":34,"column":31},"end":{"line":34,"column":57}},"type":"default-arg","locations":[{"start":{"line":34,"column":55},"end":{"line":34,"column":57}}]},"4":{"loc":{"start":{"line":40,"column":31},"end":{"line":40,"column":57}},"type":"default-arg","locations":[{"start":{"line":40,"column":55},"end":{"line":40,"column":57}}]},"5":{"loc":{"start":{"line":46,"column":31},"end":{"line":46,"column":57}},"type":"default-arg","locations":[{"start":{"line":46,"column":55},"end":{"line":46,"column":57}}]},"6":{"loc":{"start":{"line":55,"column":81},"end":{"line":55,"column":107}},"type":"default-arg","locations":[{"start":{"line":55,"column":105},"end":{"line":55,"column":107}}]},"7":{"loc":{"start":{"line":67,"column":31},"end":{"line":67,"column":57}},"type":"default-arg","locations":[{"start":{"line":67,"column":55},"end":{"line":67,"column":57}}]},"8":{"loc":{"start":{"line":73,"column":31},"end":{"line":73,"column":57}},"type":"default-arg","locations":[{"start":{"line":73,"column":55},"end":{"line":73,"column":57}}]}},"s":{"0":16,"1":16,"2":16,"3":16,"4":16,"5":16,"6":16,"7":16,"8":4,"9":3,"10":4,"11":2,"12":4,"13":2,"14":4,"15":2,"16":2,"17":2,"18":4,"19":2,"20":4,"21":5,"22":4},"f":{"0":16,"1":3,"2":2,"3":2,"4":2,"5":2,"6":5},"b":{"0":[0],"1":[0],"2":[0],"3":[1],"4":[2],"5":[2],"6":[2],"7":[2],"8":[2]}}
,"C:\\Users\\Claw\\.gemini\\antigravity-ide\\brain\\96f772f1-1a92-491b-b946-a91008d7c3dd\\health dashboard\\src\\routes\\authRoutes.ts": {"path":"C:\\Users\\Claw\\.gemini\\antigravity-ide\\brain\\96f772f1-1a92-491b-b946-a91008d7c3dd\\health dashboard\\src\\routes\\authRoutes.ts","statementMap":{"0":{"start":{"line":27,"column":0},"end":{"line":27,"column":16}},"1":{"start":{"line":1,"column":0},"end":{"line":1,"column":66}},"2":{"start":{"line":2,"column":0},"end":{"line":2,"column":30}},"3":{"start":{"line":3,"column":0},"end":{"line":3,"column":31}},"4":{"start":{"line":4,"column":0},"end":{"line":4,"column":24}},"5":{"start":{"line":5,"column":0},"end":{"line":5,"column":27}},"6":{"start":{"line":6,"column":0},"end":{"line":6,"column":37}},"7":{"start":{"line":7,"column":0},"end":{"line":7,"column":33}},"8":{"start":{"line":8,"column":0},"end":{"line":8,"column":36}},"9":{"start":{"line":9,"column":0},"end":{"line":9,"column":89}},"10":{"start":{"line":10,"column":0},"end":{"line":10,"column":41}},"11":{"start":{"line":11,"column":0},"end":{"line":11,"column":53}},"12":{"start":{"line":13,"column":13},"end":{"line":13,"column":35}},"13":{"start":{"line":15,"column":19},"end":{"line":18,"column":2}},"14":{"start":{"line":28,"column":21},"end":{"line":28,"column":49}},"15":{"start":{"line":29,"column":16},"end":{"line":29,"column":54}},"16":{"start":{"line":31,"column":2},"end":{"line":33,"column":3}},"17":{"start":{"line":32,"column":4},"end":{"line":32,"column":110}},"18":{"start":{"line":35,"column":2},"end":{"line":45,"column":3}},"19":{"start":{"line":36,"column":20},"end":{"line":36,"column":86}},"20":{"start":{"line":37,"column":4},"end":{"line":37,"column":23}},"21":{"start":{"line":38,"column":4},"end":{"line":38,"column":11}},"22":{"start":{"line":40,"column":4},"end":{"line":43,"column":7}},"23":{"start":{"line":44,"column":4},"end":{"line":44,"column":120}},"24":{"start":{"line":48,"column":0},"end":{"line":89,"column":2}},"25":{"start":{"line":51,"column":24},"end":{"line":51,"column":54}},"26":{"start":{"line":52,"column":4},"end":{"line":57,"column":5}},"27":{"start":{"line":53,"column":6},"end":{"line":56,"column":9}},"28":{"start":{"line":59,"column":32},"end":{"line":59,"column":48}},"29":{"start":{"line":60,"column":25},"end":{"line":60,"column":56}},"30":{"start":{"line":62,"column":4},"end":{"line":66,"column":5}},"31":{"start":{"line":63,"column":23},"end":{"line":63,"column":52}},"32":{"start":{"line":64,"column":20},"end":{"line":64,"column":75}},"33":{"start":{"line":65,"column":6},"end":{"line":65,"column":61}},"34":{"start":{"line":69,"column":4},"end":{"line":82,"column":5}},"35":{"start":{"line":70,"column":23},"end":{"line":70,"column":89}},"36":{"start":{"line":71,"column":6},"end":{"line":73,"column":7}},"37":{"start":{"line":72,"column":8},"end":{"line":72,"column":107}},"38":{"start":{"line":74,"column":6},"end":{"line":74,"column":25}},"39":{"start":{"line":76,"column":6},"end":{"line":76,"column":50}},"40":{"start":{"line":76,"column":40},"end":{"line":76,"column":50}},"41":{"start":{"line":77,"column":6},"end":{"line":81,"column":9}},"42":{"start":{"line":84,"column":18},"end":{"line":84,"column":99}},"43":{"start":{"line":85,"column":4},"end":{"line":85,"column":92}},"44":{"start":{"line":87,"column":4},"end":{"line":87,"column":85}},"45":{"start":{"line":91,"column":0},"end":{"line":136,"column":2}},"46":{"start":{"line":94,"column":24},"end":{"line":94,"column":54}},"47":{"start":{"line":95,"column":4},"end":{"line":100,"column":5}},"48":{"start":{"line":96,"column":6},"end":{"line":99,"column":9}},"49":{"start":{"line":102,"column":32},"end":{"line":102,"column":48}},"50":{"start":{"line":104,"column":4},"end":{"line":108,"column":5}},"51":{"start":{"line":105,"column":23},"end":{"line":105,"column":52}},"52":{"start":{"line":106,"column":20},"end":{"line":106,"column":75}},"53":{"start":{"line":107,"column":6},"end":{"line":107,"column":49}},"54":{"start":{"line":111,"column":4},"end":{"line":119,"column":5}},"55":{"start":{"line":112,"column":6},"end":{"line":112,"column":77}},"56":{"start":{"line":114,"column":6},"end":{"line":118,"column":9}},"57":{"start":{"line":121,"column":17},"end":{"line":121,"column":28}},"58":{"start":{"line":122,"column":4},"end":{"line":124,"column":5}},"59":{"start":{"line":123,"column":6},"end":{"line":123,"column":96}},"60":{"start":{"line":126,"column":18},"end":{"line":126,"column":67}},"61":{"start":{"line":127,"column":4},"end":{"line":129,"column":5}},"62":{"start":{"line":128,"column":6},"end":{"line":128,"column":96}},"63":{"start":{"line":131,"column":18},"end":{"line":131,"column":99}},"64":{"start":{"line":132,"column":4},"end":{"line":132,"column":88}},"65":{"start":{"line":134,"column":4},"end":{"line":134,"column":73}},"66":{"start":{"line":138,"column":0},"end":{"line":140,"column":3}},"67":{"start":{"line":139,"column":2},"end":{"line":139,"column":38}}},"fnMap":{"0":{"name":"authenticateToken","decl":{"start":{"line":27,"column":16},"end":{"line":27,"column":33}},"loc":{"start":{"line":27,"column":94},"end":{"line":46,"column":1}}},"1":{"name":"(anonymous_2)","decl":{"start":{"line":50,"column":15},"end":{"line":50,"column":20}},"loc":{"start":{"line":50,"column":71},"end":{"line":88,"column":3}}},"2":{"name":"(anonymous_3)","decl":{"start":{"line":93,"column":15},"end":{"line":93,"column":20}},"loc":{"start":{"line":93,"column":71},"end":{"line":135,"column":3}}},"3":{"name":"(anonymous_4)","decl":{"start":{"line":138,"column":41},"end":{"line":138,"column":42}},"loc":{"start":{"line":138,"column":86},"end":{"line":140,"column":1}}}},"branchMap":{"0":{"loc":{"start":{"line":29,"column":16},"end":{"line":29,"column":54}},"type":"binary-expr","locations":[{"start":{"line":29,"column":16},"end":{"line":29,"column":26}},{"start":{"line":29,"column":30},"end":{"line":29,"column":54}}]},"1":{"loc":{"start":{"line":31,"column":2},"end":{"line":33,"column":3}},"type":"if","locations":[{"start":{"line":31,"column":2},"end":{"line":33,"column":3}}]},"2":{"loc":{"start":{"line":42,"column":13},"end":{"line":42,"column":61}},"type":"cond-expr","locations":[{"start":{"line":42,"column":36},"end":{"line":42,"column":47}},{"start":{"line":42,"column":50},"end":{"line":42,"column":61}}]},"3":{"loc":{"start":{"line":52,"column":4},"end":{"line":57,"column":5}},"type":"if","locations":[{"start":{"line":52,"column":4},"end":{"line":57,"column":5}}]},"4":{"loc":{"start":{"line":62,"column":4},"end":{"line":66,"column":5}},"type":"if","locations":[{"start":{"line":62,"column":4},"end":{"line":66,"column":5}}]},"5":{"loc":{"start":{"line":62,"column":8},"end":{"line":62,"column":60}},"type":"binary-expr","locations":[{"start":{"line":62,"column":8},"end":{"line":62,"column":31}},{"start":{"line":62,"column":35},"end":{"line":62,"column":60}}]},"6":{"loc":{"start":{"line":71,"column":6},"end":{"line":73,"column":7}},"type":"if","locations":[{"start":{"line":71,"column":6},"end":{"line":73,"column":7}}]},"7":{"loc":{"start":{"line":71,"column":10},"end":{"line":71,"column":44}},"type":"binary-expr","locations":[{"start":{"line":71,"column":10},"end":{"line":71,"column":19}},{"start":{"line":71,"column":23},"end":{"line":71,"column":44}}]},"8":{"loc":{"start":{"line":76,"column":6},"end":{"line":76,"column":50}},"type":"if","locations":[{"start":{"line":76,"column":6},"end":{"line":76,"column":50}}]},"9":{"loc":{"start":{"line":80,"column":15},"end":{"line":80,"column":63}},"type":"cond-expr","locations":[{"start":{"line":80,"column":38},"end":{"line":80,"column":49}},{"start":{"line":80,"column":52},"end":{"line":80,"column":63}}]},"10":{"loc":{"start":{"line":95,"column":4},"end":{"line":100,"column":5}},"type":"if","locations":[{"start":{"line":95,"column":4},"end":{"line":100,"column":5}}]},"11":{"loc":{"start":{"line":104,"column":4},"end":{"line":108,"column":5}},"type":"if","locations":[{"start":{"line":104,"column":4},"end":{"line":108,"column":5}}]},"12":{"loc":{"start":{"line":104,"column":8},"end":{"line":104,"column":60}},"type":"binary-expr","locations":[{"start":{"line":104,"column":8},"end":{"line":104,"column":31}},{"start":{"line":104,"column":35},"end":{"line":104,"column":60}}]},"13":{"loc":{"start":{"line":117,"column":15},"end":{"line":117,"column":63}},"type":"cond-expr","locations":[{"start":{"line":117,"column":38},"end":{"line":117,"column":49}},{"start":{"line":117,"column":52},"end":{"line":117,"column":63}}]},"14":{"loc":{"start":{"line":122,"column":4},"end":{"line":124,"column":5}},"type":"if","locations":[{"start":{"line":122,"column":4},"end":{"line":124,"column":5}}]},"15":{"loc":{"start":{"line":127,"column":4},"end":{"line":129,"column":5}},"type":"if","locations":[{"start":{"line":127,"column":4},"end":{"line":129,"column":5}}]}},"s":{"0":2,"1":2,"2":2,"3":2,"4":2,"5":2,"6":2,"7":2,"8":2,"9":2,"10":2,"11":2,"12":2,"13":2,"14":2,"15":2,"16":2,"17":0,"18":2,"19":2,"20":2,"21":2,"22":0,"23":0,"24":2,"25":0,"26":0,"27":0,"28":0,"29":0,"30":0,"31":0,"32":0,"33":0,"34":0,"35":0,"36":0,"37":0,"38":0,"39":0,"40":0,"41":0,"42":0,"43":0,"44":0,"45":2,"46":0,"47":0,"48":0,"49":0,"50":0,"51":0,"52":0,"53":0,"54":0,"55":0,"56":0,"57":0,"58":0,"59":0,"60":0,"61":0,"62":0,"63":0,"64":0,"65":0,"66":2,"67":0},"f":{"0":2,"1":0,"2":0,"3":0},"b":{"0":[2,2],"1":[0],"2":[0,0],"3":[0],"4":[0],"5":[0,0],"6":[0],"7":[0,0],"8":[0],"9":[0,0],"10":[0],"11":[0],"12":[0,0],"13":[0,0],"14":[0],"15":[0]}}
,"C:\\Users\\Claw\\.gemini\\antigravity-ide\\brain\\96f772f1-1a92-491b-b946-a91008d7c3dd\\health dashboard\\src\\routes\\connectRoutes.ts": {"path":"C:\\Users\\Claw\\.gemini\\antigravity-ide\\brain\\96f772f1-1a92-491b-b946-a91008d7c3dd\\health dashboard\\src\\routes\\connectRoutes.ts","statementMap":{"0":{"start":{"line":1,"column":0},"end":{"line":1,"column":57}},"1":{"start":{"line":2,"column":0},"end":{"line":2,"column":24}},"2":{"start":{"line":3,"column":0},"end":{"line":3,"column":71}},"3":{"start":{"line":4,"column":0},"end":{"line":4,"column":70}},"4":{"start":{"line":5,"column":0},"end":{"line":5,"column":67}},"5":{"start":{"line":6,"column":0},"end":{"line":6,"column":77}},"6":{"start":{"line":7,"column":0},"end":{"line":7,"column":27}},"7":{"start":{"line":8,"column":0},"end":{"line":8,"column":49}},"8":{"start":{"line":9,"column":0},"end":{"line":9,"column":33}},"9":{"start":{"line":10,"column":0},"end":{"line":10,"column":68}},"10":{"start":{"line":11,"column":0},"end":{"line":11,"column":41}},"11":{"start":{"line":12,"column":0},"end":{"line":12,"column":53}},"12":{"start":{"line":14,"column":13},"end":{"line":14,"column":38}},"13":{"start":{"line":15,"column":22},"end":{"line":15,"column":47}},"14":{"start":{"line":17,"column":28},"end":{"line":20,"column":2}},"15":{"start":{"line":27,"column":0},"end":{"line":43,"column":3}},"16":{"start":{"line":28,"column":2},"end":{"line":42,"column":3}},"17":{"start":{"line":29,"column":19},"end":{"line":29,"column":31}},"18":{"start":{"line":30,"column":24},"end":{"line":30,"column":45}},"19":{"start":{"line":31,"column":20},"end":{"line":31,"column":57}},"20":{"start":{"line":33,"column":4},"end":{"line":33,"column":102}},"21":{"start":{"line":35,"column":4},"end":{"line":39,"column":7}},"22":{"start":{"line":41,"column":4},"end":{"line":41,"column":16}},"23":{"start":{"line":46,"column":0},"end":{"line":93,"column":2}},"24":{"start":{"line":49,"column":24},"end":{"line":49,"column":64}},"25":{"start":{"line":50,"column":4},"end":{"line":55,"column":5}},"26":{"start":{"line":51,"column":6},"end":{"line":54,"column":9}},"27":{"start":{"line":57,"column":28},"end":{"line":57,"column":44}},"28":{"start":{"line":58,"column":25},"end":{"line":58,"column":57}},"29":{"start":{"line":60,"column":19},"end":{"line":60,"column":57}},"30":{"start":{"line":62,"column":4},"end":{"line":70,"column":5}},"31":{"start":{"line":63,"column":6},"end":{"line":69,"column":9}},"32":{"start":{"line":72,"column":4},"end":{"line":78,"column":6}},"33":{"start":{"line":80,"column":4},"end":{"line":83,"column":7}},"34":{"start":{"line":85,"column":4},"end":{"line":91,"column":7}},"35":{"start":{"line":96,"column":0},"end":{"line":131,"column":2}},"36":{"start":{"line":100,"column":19},"end":{"line":100,"column":31}},"37":{"start":{"line":102,"column":4},"end":{"line":108,"column":5}},"38":{"start":{"line":103,"column":6},"end":{"line":107,"column":9}},"39":{"start":{"line":111,"column":4},"end":{"line":127,"column":5}},"40":{"start":{"line":112,"column":6},"end":{"line":120,"column":53}},"41":{"start":{"line":122,"column":6},"end":{"line":126,"column":9}},"42":{"start":{"line":129,"column":4},"end":{"line":129,"column":53}},"43":{"start":{"line":134,"column":0},"end":{"line":161,"column":2}},"44":{"start":{"line":138,"column":19},"end":{"line":138,"column":31}},"45":{"start":{"line":140,"column":4},"end":{"line":142,"column":5}},"46":{"start":{"line":141,"column":6},"end":{"line":141,"column":86}},"47":{"start":{"line":144,"column":4},"end":{"line":155,"column":5}},"48":{"start":{"line":145,"column":6},"end":{"line":148,"column":53}},"49":{"start":{"line":150,"column":6},"end":{"line":154,"column":9}},"50":{"start":{"line":157,"column":4},"end":{"line":157,"column":97}},"51":{"start":{"line":159,"column":4},"end":{"line":159,"column":84}}},"fnMap":{"0":{"name":"(anonymous_0)","decl":{"start":{"line":27,"column":58},"end":{"line":27,"column":59}},"loc":{"start":{"line":27,"column":123},"end":{"line":43,"column":1}}},"1":{"name":"(anonymous_1)","decl":{"start":{"line":48,"column":15},"end":{"line":48,"column":20}},"loc":{"start":{"line":48,"column":84},"end":{"line":92,"column":3}}},"2":{"name":"(anonymous_2)","decl":{"start":{"line":99,"column":15},"end":{"line":99,"column":20}},"loc":{"start":{"line":99,"column":84},"end":{"line":130,"column":3}}},"3":{"name":"(anonymous_3)","decl":{"start":{"line":137,"column":15},"end":{"line":137,"column":20}},"loc":{"start":{"line":137,"column":84},"end":{"line":160,"column":3}}}},"branchMap":{"0":{"loc":{"start":{"line":50,"column":4},"end":{"line":55,"column":5}},"type":"if","locations":[{"start":{"line":50,"column":4},"end":{"line":55,"column":5}}]},"1":{"loc":{"start":{"line":62,"column":4},"end":{"line":70,"column":5}},"type":"if","locations":[{"start":{"line":62,"column":4},"end":{"line":70,"column":5}}]},"2":{"loc":{"start":{"line":102,"column":4},"end":{"line":108,"column":5}},"type":"if","locations":[{"start":{"line":102,"column":4},"end":{"line":108,"column":5}}]},"3":{"loc":{"start":{"line":125,"column":15},"end":{"line":125,"column":63}},"type":"cond-expr","locations":[{"start":{"line":125,"column":38},"end":{"line":125,"column":49}},{"start":{"line":125,"column":52},"end":{"line":125,"column":63}}]},"4":{"loc":{"start":{"line":140,"column":4},"end":{"line":142,"column":5}},"type":"if","locations":[{"start":{"line":140,"column":4},"end":{"line":142,"column":5}}]},"5":{"loc":{"start":{"line":153,"column":15},"end":{"line":153,"column":63}},"type":"cond-expr","locations":[{"start":{"line":153,"column":38},"end":{"line":153,"column":49}},{"start":{"line":153,"column":52},"end":{"line":153,"column":63}}]}},"s":{"0":2,"1":2,"2":2,"3":2,"4":2,"5":2,"6":2,"7":2,"8":2,"9":2,"10":2,"11":2,"12":2,"13":2,"14":2,"15":2,"16":2,"17":2,"18":2,"19":2,"20":2,"21":2,"22":0,"23":2,"24":2,"25":2,"26":0,"27":2,"28":2,"29":1,"30":1,"31":1,"32":0,"33":0,"34":0,"35":2,"36":0,"37":0,"38":0,"39":0,"40":0,"41":0,"42":0,"43":2,"44":0,"45":0,"46":0,"47":0,"48":0,"49":0,"50":0,"51":0},"f":{"0":2,"1":2,"2":0,"3":0},"b":{"0":[0],"1":[1],"2":[0],"3":[0,0],"4":[0],"5":[0,0]}}
,"C:\\Users\\Claw\\.gemini\\antigravity-ide\\brain\\96f772f1-1a92-491b-b946-a91008d7c3dd\\health dashboard\\src\\services\\connectedAccountService.ts": {"path":"C:\\Users\\Claw\\.gemini\\antigravity-ide\\brain\\96f772f1-1a92-491b-b946-a91008d7c3dd\\health dashboard\\src\\services\\connectedAccountService.ts","statementMap":{"0":{"start":{"line":7,"column":0},"end":{"line":7,"column":7}},"1":{"start":{"line":1,"column":0},"end":{"line":1,"column":40}},"2":{"start":{"line":2,"column":0},"end":{"line":2,"column":49}},"3":{"start":{"line":3,"column":0},"end":{"line":3,"column":38}},"4":{"start":{"line":4,"column":0},"end":{"line":4,"column":47}},"5":{"start":{"line":5,"column":0},"end":{"line":5,"column":51}},"6":{"start":{"line":16,"column":31},"end":{"line":16,"column":56}},"7":{"start":{"line":17,"column":32},"end":{"line":17,"column":58}},"8":{"start":{"line":19,"column":2},"end":{"line":60,"column":3}},"9":{"start":{"line":20,"column":4},"end":{"line":51,"column":7}},"10":{"start":{"line":21,"column":23},"end":{"line":24,"column":99}},"11":{"start":{"line":26,"column":6},"end":{"line":46,"column":7}},"12":{"start":{"line":27,"column":8},"end":{"line":36,"column":59}},"13":{"start":{"line":38,"column":8},"end":{"line":45,"column":11}},"14":{"start":{"line":48,"column":6},"end":{"line":50,"column":7}},"15":{"start":{"line":49,"column":8},"end":{"line":49,"column":33}},"16":{"start":{"line":53,"column":4},"end":{"line":53,"column":52}},"17":{"start":{"line":53,"column":40},"end":{"line":53,"column":52}},"18":{"start":{"line":54,"column":4},"end":{"line":59,"column":7}}},"fnMap":{"0":{"name":"upsertConnectedAccount","decl":{"start":{"line":7,"column":22},"end":{"line":7,"column":44}},"loc":{"start":{"line":14,"column":56},"end":{"line":61,"column":1}}},"1":{"name":"(anonymous_1)","decl":{"start":{"line":20,"column":55},"end":{"line":20,"column":60}},"loc":{"start":{"line":20,"column":68},"end":{"line":51,"column":5}}}},"branchMap":{"0":{"loc":{"start":{"line":13,"column":2},"end":{"line":13,"column":24}},"type":"default-arg","locations":[{"start":{"line":13,"column":15},"end":{"line":13,"column":24}}]},"1":{"loc":{"start":{"line":26,"column":6},"end":{"line":46,"column":7}},"type":"if","locations":[{"start":{"line":26,"column":6},"end":{"line":46,"column":7}},{"start":{"line":37,"column":13},"end":{"line":46,"column":7}}]},"2":{"loc":{"start":{"line":48,"column":6},"end":{"line":50,"column":7}},"type":"if","locations":[{"start":{"line":48,"column":6},"end":{"line":50,"column":7}}]},"3":{"loc":{"start":{"line":53,"column":4},"end":{"line":53,"column":52}},"type":"if","locations":[{"start":{"line":53,"column":4},"end":{"line":53,"column":52}}]},"4":{"loc":{"start":{"line":58,"column":13},"end":{"line":58,"column":67}},"type":"cond-expr","locations":[{"start":{"line":58,"column":38},"end":{"line":58,"column":51}},{"start":{"line":58,"column":54},"end":{"line":58,"column":67}}]}},"s":{"0":3,"1":3,"2":3,"3":3,"4":3,"5":3,"6":0,"7":0,"8":0,"9":0,"10":0,"11":0,"12":0,"13":0,"14":0,"15":0,"16":0,"17":0,"18":0},"f":{"0":0,"1":0},"b":{"0":[0],"1":[0,0],"2":[0],"3":[0],"4":[0,0]}}
,"C:\\Users\\Claw\\.gemini\\antigravity-ide\\brain\\96f772f1-1a92-491b-b946-a91008d7c3dd\\health dashboard\\src\\services\\cryptoService.ts": {"path":"C:\\Users\\Claw\\.gemini\\antigravity-ide\\brain\\96f772f1-1a92-491b-b946-a91008d7c3dd\\health dashboard\\src\\services\\cryptoService.ts","statementMap":{"0":{"start":{"line":25,"column":0},"end":{"line":25,"column":16}},"1":{"start":{"line":55,"column":0},"end":{"line":55,"column":16}},"2":{"start":{"line":92,"column":0},"end":{"line":92,"column":16}},"3":{"start":{"line":111,"column":0},"end":{"line":111,"column":16}},"4":{"start":{"line":1,"column":0},"end":{"line":1,"column":28}},"5":{"start":{"line":2,"column":0},"end":{"line":2,"column":24}},"6":{"start":{"line":3,"column":0},"end":{"line":3,"column":36}},"7":{"start":{"line":4,"column":0},"end":{"line":4,"column":56}},"8":{"start":{"line":6,"column":24},"end":{"line":6,"column":88}},"9":{"start":{"line":8,"column":31},"end":{"line":12,"column":2}},"10":{"start":{"line":15,"column":2},"end":{"line":22,"column":3}},"11":{"start":{"line":16,"column":4},"end":{"line":16,"column":50}},"12":{"start":{"line":18,"column":4},"end":{"line":21,"column":7}},"13":{"start":{"line":26,"column":2},"end":{"line":30,"column":3}},"14":{"start":{"line":27,"column":4},"end":{"line":29,"column":7}},"15":{"start":{"line":32,"column":2},"end":{"line":52,"column":3}},"16":{"start":{"line":33,"column":16},"end":{"line":33,"column":34}},"17":{"start":{"line":34,"column":15},"end":{"line":34,"column":37}},"18":{"start":{"line":35,"column":19},"end":{"line":35,"column":64}},"19":{"start":{"line":37,"column":20},"end":{"line":37,"column":59}},"20":{"start":{"line":38,"column":4},"end":{"line":38,"column":37}},"21":{"start":{"line":39,"column":20},"end":{"line":39,"column":55}},"22":{"start":{"line":41,"column":4},"end":{"line":45,"column":7}},"23":{"start":{"line":47,"column":4},"end":{"line":47,"column":53}},"24":{"start":{"line":47,"column":43},"end":{"line":47,"column":53}},"25":{"start":{"line":48,"column":4},"end":{"line":51,"column":7}},"26":{"start":{"line":57,"column":2},"end":{"line":64,"column":3}},"27":{"start":{"line":58,"column":4},"end":{"line":58,"column":42}},"28":{"start":{"line":60,"column":4},"end":{"line":63,"column":7}},"29":{"start":{"line":66,"column":22},"end":{"line":66,"column":65}},"30":{"start":{"line":67,"column":2},"end":{"line":72,"column":3}},"31":{"start":{"line":68,"column":4},"end":{"line":71,"column":7}},"32":{"start":{"line":74,"column":31},"end":{"line":74,"column":47}},"33":{"start":{"line":76,"column":2},"end":{"line":89,"column":3}},"34":{"start":{"line":77,"column":16},"end":{"line":77,"column":34}},"35":{"start":{"line":78,"column":21},"end":{"line":78,"column":88}},"36":{"start":{"line":79,"column":4},"end":{"line":79,"column":49}},"37":{"start":{"line":81,"column":20},"end":{"line":81,"column":59}},"38":{"start":{"line":82,"column":4},"end":{"line":82,"column":40}},"39":{"start":{"line":83,"column":4},"end":{"line":83,"column":21}},"40":{"start":{"line":85,"column":4},"end":{"line":88,"column":7}},"41":{"start":{"line":93,"column":2},"end":{"line":108,"column":3}},"42":{"start":{"line":94,"column":16},"end":{"line":94,"column":34}},"43":{"start":{"line":95,"column":17},"end":{"line":99,"column":6}},"44":{"start":{"line":100,"column":23},"end":{"line":100,"column":62}},"45":{"start":{"line":101,"column":17},"end":{"line":101,"column":88}},"46":{"start":{"line":102,"column":4},"end":{"line":102,"column":35}},"47":{"start":{"line":104,"column":4},"end":{"line":107,"column":7}},"48":{"start":{"line":112,"column":2},"end":{"line":116,"column":3}},"49":{"start":{"line":113,"column":4},"end":{"line":115,"column":7}},"50":{"start":{"line":118,"column":16},"end":{"line":118,"column":43}},"51":{"start":{"line":119,"column":2},"end":{"line":123,"column":3}},"52":{"start":{"line":120,"column":4},"end":{"line":122,"column":7}},"53":{"start":{"line":125,"column":21},"end":{"line":125,"column":29}},"54":{"start":{"line":126,"column":23},"end":{"line":126,"column":31}},"55":{"start":{"line":128,"column":2},"end":{"line":132,"column":3}},"56":{"start":{"line":129,"column":4},"end":{"line":131,"column":7}},"57":{"start":{"line":135,"column":2},"end":{"line":143,"column":3}},"58":{"start":{"line":136,"column":16},"end":{"line":136,"column":34}},"59":{"start":{"line":137,"column":4},"end":{"line":137,"column":91}},"60":{"start":{"line":139,"column":4},"end":{"line":142,"column":7}},"61":{"start":{"line":145,"column":22},"end":{"line":145,"column":47}},"62":{"start":{"line":146,"column":22},"end":{"line":146,"column":47}},"63":{"start":{"line":148,"column":2},"end":{"line":152,"column":3}},"64":{"start":{"line":149,"column":4},"end":{"line":151,"column":7}},"65":{"start":{"line":154,"column":2},"end":{"line":162,"column":3}},"66":{"start":{"line":155,"column":20},"end":{"line":155,"column":73}},"67":{"start":{"line":156,"column":4},"end":{"line":156,"column":36}},"68":{"start":{"line":158,"column":4},"end":{"line":161,"column":7}}},"fnMap":{"0":{"name":"getEncryptionKey","decl":{"start":{"line":14,"column":9},"end":{"line":14,"column":25}},"loc":{"start":{"line":14,"column":25},"end":{"line":23,"column":1}}},"1":{"name":"encryptToken","decl":{"start":{"line":25,"column":16},"end":{"line":25,"column":28}},"loc":{"start":{"line":25,"column":46},"end":{"line":53,"column":1}}},"2":{"name":"decryptToken","decl":{"start":{"line":55,"column":16},"end":{"line":55,"column":28}},"loc":{"start":{"line":55,"column":50},"end":{"line":90,"column":1}}},"3":{"name":"signState","decl":{"start":{"line":92,"column":16},"end":{"line":92,"column":25}},"loc":{"start":{"line":92,"column":58},"end":{"line":109,"column":1}}},"4":{"name":"verifyState","decl":{"start":{"line":111,"column":16},"end":{"line":111,"column":27}},"loc":{"start":{"line":111,"column":81},"end":{"line":163,"column":1}}}},"branchMap":{"0":{"loc":{"start":{"line":20,"column":13},"end":{"line":20,"column":61}},"type":"cond-expr","locations":[{"start":{"line":20,"column":36},"end":{"line":20,"column":47}},{"start":{"line":20,"column":50},"end":{"line":20,"column":61}}]},"1":{"loc":{"start":{"line":26,"column":2},"end":{"line":30,"column":3}},"type":"if","locations":[{"start":{"line":26,"column":2},"end":{"line":30,"column":3}}]},"2":{"loc":{"start":{"line":47,"column":4},"end":{"line":47,"column":53}},"type":"if","locations":[{"start":{"line":47,"column":4},"end":{"line":47,"column":53}}]},"3":{"loc":{"start":{"line":50,"column":13},"end":{"line":50,"column":61}},"type":"cond-expr","locations":[{"start":{"line":50,"column":36},"end":{"line":50,"column":47}},{"start":{"line":50,"column":50},"end":{"line":50,"column":61}}]},"4":{"loc":{"start":{"line":62,"column":13},"end":{"line":62,"column":61}},"type":"cond-expr","locations":[{"start":{"line":62,"column":36},"end":{"line":62,"column":47}},{"start":{"line":62,"column":50},"end":{"line":62,"column":61}}]},"5":{"loc":{"start":{"line":67,"column":2},"end":{"line":72,"column":3}},"type":"if","locations":[{"start":{"line":67,"column":2},"end":{"line":72,"column":3}}]},"6":{"loc":{"start":{"line":87,"column":13},"end":{"line":87,"column":61}},"type":"cond-expr","locations":[{"start":{"line":87,"column":36},"end":{"line":87,"column":47}},{"start":{"line":87,"column":50},"end":{"line":87,"column":61}}]},"7":{"loc":{"start":{"line":106,"column":13},"end":{"line":106,"column":61}},"type":"cond-expr","locations":[{"start":{"line":106,"column":36},"end":{"line":106,"column":47}},{"start":{"line":106,"column":50},"end":{"line":106,"column":61}}]},"8":{"loc":{"start":{"line":112,"column":2},"end":{"line":116,"column":3}},"type":"if","locations":[{"start":{"line":112,"column":2},"end":{"line":116,"column":3}}]},"9":{"loc":{"start":{"line":112,"column":6},"end":{"line":112,"column":63}},"type":"binary-expr","locations":[{"start":{"line":112,"column":6},"end":{"line":112,"column":23}},{"start":{"line":112,"column":27},"end":{"line":112,"column":63}}]},"10":{"loc":{"start":{"line":119,"column":2},"end":{"line":123,"column":3}},"type":"if","locations":[{"start":{"line":119,"column":2},"end":{"line":123,"column":3}}]},"11":{"loc":{"start":{"line":128,"column":2},"end":{"line":132,"column":3}},"type":"if","locations":[{"start":{"line":128,"column":2},"end":{"line":132,"column":3}}]},"12":{"loc":{"start":{"line":128,"column":6},"end":{"line":128,"column":34}},"type":"binary-expr","locations":[{"start":{"line":128,"column":6},"end":{"line":128,"column":17}},{"start":{"line":128,"column":21},"end":{"line":128,"column":34}}]},"13":{"loc":{"start":{"line":141,"column":13},"end":{"line":141,"column":61}},"type":"cond-expr","locations":[{"start":{"line":141,"column":36},"end":{"line":141,"column":47}},{"start":{"line":141,"column":50},"end":{"line":141,"column":61}}]},"14":{"loc":{"start":{"line":148,"column":2},"end":{"line":152,"column":3}},"type":"if","locations":[{"start":{"line":148,"column":2},"end":{"line":152,"column":3}}]},"15":{"loc":{"start":{"line":148,"column":6},"end":{"line":148,"column":100}},"type":"binary-expr","locations":[{"start":{"line":148,"column":6},"end":{"line":148,"column":47}},{"start":{"line":148,"column":51},"end":{"line":148,"column":100}}]},"16":{"loc":{"start":{"line":160,"column":13},"end":{"line":160,"column":61}},"type":"cond-expr","locations":[{"start":{"line":160,"column":36},"end":{"line":160,"column":47}},{"start":{"line":160,"column":50},"end":{"line":160,"column":61}}]}},"s":{"0":4,"1":4,"2":4,"3":4,"4":4,"5":4,"6":4,"7":4,"8":4,"9":4,"10":11,"11":11,"12":0,"13":2,"14":0,"15":2,"16":2,"17":2,"18":2,"19":2,"20":2,"21":2,"22":2,"23":0,"24":0,"25":0,"26":2,"27":2,"28":0,"29":2,"30":2,"31":0,"32":2,"33":2,"34":2,"35":2,"36":2,"37":2,"38":2,"39":1,"40":1,"41":4,"42":4,"43":4,"44":4,"45":4,"46":4,"47":0,"48":4,"49":0,"50":4,"51":4,"52":1,"53":3,"54":3,"55":3,"56":0,"57":3,"58":3,"59":3,"60":0,"61":3,"62":3,"63":3,"64":1,"65":2,"66":2,"67":2,"68":0},"f":{"0":11,"1":2,"2":2,"3":4,"4":4},"b":{"0":[0,0],"1":[0],"2":[0],"3":[0,0],"4":[0,0],"5":[0],"6":[0,1],"7":[0,0],"8":[0],"9":[4,4],"10":[1],"11":[0],"12":[3,3],"13":[0,0],"14":[1],"15":[3,2],"16":[0,0]}}
,"C:\\Users\\Claw\\.gemini\\antigravity-ide\\brain\\96f772f1-1a92-491b-b946-a91008d7c3dd\\health dashboard\\src\\services\\metricsQueryService.ts": {"path":"C:\\Users\\Claw\\.gemini\\antigravity-ide\\brain\\96f772f1-1a92-491b-b946-a91008d7c3dd\\health dashboard\\src\\services\\metricsQueryService.ts","statementMap":{"0":{"start":{"line":14,"column":0},"end":{"line":14,"column":16}},"1":{"start":{"line":15,"column":24},"end":{"line":15,"column":59}},"2":{"start":{"line":15,"column":46},"end":{"line":15,"column":58}},"3":{"start":{"line":17,"column":24},"end":{"line":17,"column":64}},"4":{"start":{"line":18,"column":46},"end":{"line":18,"column":48}},"5":{"start":{"line":20,"column":2},"end":{"line":27,"column":3}},"6":{"start":{"line":21,"column":4},"end":{"line":26,"column":5}},"7":{"start":{"line":22,"column":18},"end":{"line":22,"column":83}},"8":{"start":{"line":23,"column":6},"end":{"line":23,"column":36}},"9":{"start":{"line":25,"column":6},"end":{"line":25,"column":29}},"10":{"start":{"line":29,"column":42},"end":{"line":29,"column":76}},"11":{"start":{"line":31,"column":2},"end":{"line":36,"column":3}},"12":{"start":{"line":32,"column":19},"end":{"line":32,"column":80}},"13":{"start":{"line":33,"column":4},"end":{"line":35,"column":5}},"14":{"start":{"line":34,"column":6},"end":{"line":34,"column":23}},"15":{"start":{"line":38,"column":2},"end":{"line":38,"column":78}},"16":{"start":{"line":38,"column":31},"end":{"line":38,"column":76}}},"fnMap":{"0":{"name":"filterReconciledOverRaw","decl":{"start":{"line":14,"column":16},"end":{"line":14,"column":39}},"loc":{"start":{"line":14,"column":72},"end":{"line":39,"column":1}}},"1":{"name":"(anonymous_1)","decl":{"start":{"line":15,"column":39},"end":{"line":15,"column":40}},"loc":{"start":{"line":15,"column":46},"end":{"line":15,"column":58}}},"2":{"name":"(anonymous_2)","decl":{"start":{"line":38,"column":21},"end":{"line":38,"column":22}},"loc":{"start":{"line":38,"column":31},"end":{"line":38,"column":76}}}},"branchMap":{"0":{"loc":{"start":{"line":21,"column":4},"end":{"line":26,"column":5}},"type":"if","locations":[{"start":{"line":21,"column":4},"end":{"line":26,"column":5}},{"start":{"line":24,"column":11},"end":{"line":26,"column":5}}]},"1":{"loc":{"start":{"line":33,"column":4},"end":{"line":35,"column":5}},"type":"if","locations":[{"start":{"line":33,"column":4},"end":{"line":35,"column":5}}]}},"s":{"0":1,"1":1,"2":2,"3":1,"4":1,"5":1,"6":2,"7":1,"8":1,"9":1,"10":1,"11":1,"12":1,"13":1,"14":0,"15":1,"16":0},"f":{"0":1,"1":2,"2":0},"b":{"0":[1,1],"1":[0]}}
,"C:\\Users\\Claw\\.gemini\\antigravity-ide\\brain\\96f772f1-1a92-491b-b946-a91008d7c3dd\\health dashboard\\src\\utils\\asyncHandler.ts": {"path":"C:\\Users\\Claw\\.gemini\\antigravity-ide\\brain\\96f772f1-1a92-491b-b946-a91008d7c3dd\\health dashboard\\src\\utils\\asyncHandler.ts","statementMap":{"0":{"start":{"line":3,"column":28},"end":{"line":9,"column":1}},"1":{"start":{"line":6,"column":2},"end":{"line":8,"column":4}},"2":{"start":{"line":7,"column":4},"end":{"line":7,"column":52}},"3":{"start":{"line":3,"column":13},"end":{"line":3,"column":28}}},"fnMap":{"0":{"name":"(anonymous_0)","decl":{"start":{"line":3,"column":28},"end":{"line":3,"column":null}},"loc":{"start":{"line":5,"column":20},"end":{"line":9,"column":1}}},"1":{"name":"(anonymous_1)","decl":{"start":{"line":6,"column":9},"end":{"line":6,"column":10}},"loc":{"start":{"line":6,"column":67},"end":{"line":8,"column":3}}}},"branchMap":{},"s":{"0":2,"1":10,"2":2,"3":2},"f":{"0":10,"1":2},"b":{}}
,"C:\\Users\\Claw\\.gemini\\antigravity-ide\\brain\\96f772f1-1a92-491b-b946-a91008d7c3dd\\health dashboard\\src\\utils\\fetchWithTimeout.ts": {"path":"C:\\Users\\Claw\\.gemini\\antigravity-ide\\brain\\96f772f1-1a92-491b-b946-a91008d7c3dd\\health dashboard\\src\\utils\\fetchWithTimeout.ts","statementMap":{"0":{"start":{"line":11,"column":0},"end":{"line":11,"column":7}},"1":{"start":{"line":1,"column":0},"end":{"line":1,"column":58}},"2":{"start":{"line":2,"column":0},"end":{"line":2,"column":34}},"3":{"start":{"line":21,"column":6},"end":{"line":21,"column":13}},"4":{"start":{"line":23,"column":16},"end":{"line":23,"column":17}},"5":{"start":{"line":25,"column":2},"end":{"line":82,"column":3}},"6":{"start":{"line":26,"column":4},"end":{"line":26,"column":14}},"7":{"start":{"line":27,"column":23},"end":{"line":27,"column":44}},"8":{"start":{"line":28,"column":22},"end":{"line":28,"column":69}},"9":{"start":{"line":28,"column":39},"end":{"line":28,"column":57}},"10":{"start":{"line":30,"column":4},"end":{"line":81,"column":5}},"11":{"start":{"line":31,"column":23},"end":{"line":34,"column":8}},"12":{"start":{"line":36,"column":6},"end":{"line":36,"column":30}},"13":{"start":{"line":39,"column":6},"end":{"line":41,"column":7}},"14":{"start":{"line":40,"column":8},"end":{"line":40,"column":24}},"15":{"start":{"line":44,"column":6},"end":{"line":54,"column":7}},"16":{"start":{"line":45,"column":8},"end":{"line":51,"column":11}},"17":{"start":{"line":52,"column":8},"end":{"line":52,"column":98}},"18":{"start":{"line":52,"column":39},"end":{"line":52,"column":96}},"19":{"start":{"line":53,"column":8},"end":{"line":53,"column":17}},"20":{"start":{"line":56,"column":6},"end":{"line":56,"column":22}},"21":{"start":{"line":58,"column":6},"end":{"line":58,"column":30}},"22":{"start":{"line":60,"column":22},"end":{"line":60,"column":71}},"23":{"start":{"line":61,"column":27},"end":{"line":61,"column":130}},"24":{"start":{"line":63,"column":6},"end":{"line":73,"column":7}},"25":{"start":{"line":64,"column":8},"end":{"line":70,"column":11}},"26":{"start":{"line":71,"column":8},"end":{"line":71,"column":98}},"27":{"start":{"line":71,"column":39},"end":{"line":71,"column":96}},"28":{"start":{"line":72,"column":8},"end":{"line":72,"column":17}},"29":{"start":{"line":75,"column":6},"end":{"line":80,"column":9}},"30":{"start":{"line":84,"column":2},"end":{"line":87,"column":5}}},"fnMap":{"0":{"name":"fetchWithTimeout","decl":{"start":{"line":11,"column":22},"end":{"line":11,"column":38}},"loc":{"start":{"line":13,"column":39},"end":{"line":88,"column":1}}},"1":{"name":"(anonymous_1)","decl":{"start":{"line":28,"column":33},"end":{"line":28,"column":36}},"loc":{"start":{"line":28,"column":39},"end":{"line":28,"column":57}}},"2":{"name":"(anonymous_2)","decl":{"start":{"line":52,"column":26},"end":{"line":52,"column":27}},"loc":{"start":{"line":52,"column":39},"end":{"line":52,"column":96}}},"3":{"name":"(anonymous_3)","decl":{"start":{"line":71,"column":26},"end":{"line":71,"column":27}},"loc":{"start":{"line":71,"column":39},"end":{"line":71,"column":96}}}},"branchMap":{"0":{"loc":{"start":{"line":13,"column":2},"end":{"line":13,"column":39}},"type":"default-arg","locations":[{"start":{"line":13,"column":37},"end":{"line":13,"column":39}}]},"1":{"loc":{"start":{"line":16,"column":4},"end":{"line":16,"column":20}},"type":"default-arg","locations":[{"start":{"line":16,"column":16},"end":{"line":16,"column":20}}]},"2":{"loc":{"start":{"line":17,"column":4},"end":{"line":17,"column":15}},"type":"default-arg","locations":[{"start":{"line":17,"column":14},"end":{"line":17,"column":15}}]},"3":{"loc":{"start":{"line":18,"column":4},"end":{"line":18,"column":19}},"type":"default-arg","locations":[{"start":{"line":18,"column":16},"end":{"line":18,"column":19}}]},"4":{"loc":{"start":{"line":19,"column":4},"end":{"line":19,"column":31}},"type":"default-arg","locations":[{"start":{"line":19,"column":18},"end":{"line":19,"column":31}}]},"5":{"loc":{"start":{"line":39,"column":6},"end":{"line":41,"column":7}},"type":"if","locations":[{"start":{"line":39,"column":6},"end":{"line":41,"column":7}}]},"6":{"loc":{"start":{"line":39,"column":10},"end":{"line":39,"column":57}},"type":"binary-expr","locations":[{"start":{"line":39,"column":10},"end":{"line":39,"column":32}},{"start":{"line":39,"column":36},"end":{"line":39,"column":57}}]},"7":{"loc":{"start":{"line":44,"column":6},"end":{"line":54,"column":7}},"type":"if","locations":[{"start":{"line":44,"column":6},"end":{"line":54,"column":7}}]},"8":{"loc":{"start":{"line":44,"column":10},"end":{"line":44,"column":54}},"type":"binary-expr","locations":[{"start":{"line":44,"column":10},"end":{"line":44,"column":32}},{"start":{"line":44,"column":36},"end":{"line":44,"column":54}}]},"9":{"loc":{"start":{"line":60,"column":22},"end":{"line":60,"column":71}},"type":"binary-expr","locations":[{"start":{"line":60,"column":22},"end":{"line":60,"column":42}},{"start":{"line":60,"column":46},"end":{"line":60,"column":71}}]},"10":{"loc":{"start":{"line":61,"column":27},"end":{"line":61,"column":130}},"type":"cond-expr","locations":[{"start":{"line":61,"column":37},"end":{"line":61,"column":77}},{"start":{"line":61,"column":81},"end":{"line":61,"column":129}}]},"11":{"loc":{"start":{"line":61,"column":81},"end":{"line":61,"column":129}},"type":"cond-expr","locations":[{"start":{"line":61,"column":104},"end":{"line":61,"column":115}},{"start":{"line":61,"column":118},"end":{"line":61,"column":129}}]},"12":{"loc":{"start":{"line":63,"column":6},"end":{"line":73,"column":7}},"type":"if","locations":[{"start":{"line":63,"column":6},"end":{"line":73,"column":7}}]},"13":{"loc":{"start":{"line":63,"column":10},"end":{"line":63,"column":40}},"type":"binary-expr","locations":[{"start":{"line":63,"column":10},"end":{"line":63,"column":28}},{"start":{"line":63,"column":32},"end":{"line":63,"column":40}}]}},"s":{"0":2,"1":2,"2":2,"3":0,"4":0,"5":0,"6":0,"7":0,"8":0,"9":0,"10":0,"11":0,"12":0,"13":0,"14":0,"15":0,"16":0,"17":0,"18":0,"19":0,"20":0,"21":0,"22":0,"23":0,"24":0,"25":0,"26":0,"27":0,"28":0,"29":0,"30":0},"f":{"0":0,"1":0,"2":0,"3":0},"b":{"0":[0],"1":[0],"2":[0],"3":[0],"4":[0],"5":[0],"6":[0,0],"7":[0],"8":[0,0],"9":[0,0],"10":[0,0],"11":[0,0],"12":[0],"13":[0,0]}}
,"C:\\Users\\Claw\\.gemini\\antigravity-ide\\brain\\96f772f1-1a92-491b-b946-a91008d7c3dd\\health dashboard\\src\\utils\\logger.ts": {"path":"C:\\Users\\Claw\\.gemini\\antigravity-ide\\brain\\96f772f1-1a92-491b-b946-a91008d7c3dd\\health dashboard\\src\\utils\\logger.ts","statementMap":{"0":{"start":{"line":9,"column":21},"end":{"line":9,"column":73}},"1":{"start":{"line":10,"column":25},"end":{"line":15,"column":21}},"2":{"start":{"line":17,"column":4},"end":{"line":25,"column":7}},"3":{"start":{"line":29,"column":4},"end":{"line":29,"column":62}},"4":{"start":{"line":33,"column":4},"end":{"line":33,"column":63}},"5":{"start":{"line":37,"column":4},"end":{"line":37,"column":65}},"6":{"start":{"line":7,"column":0},"end":{"line":7,"column":13}},"7":{"start":{"line":41,"column":13},"end":{"line":41,"column":35}}},"fnMap":{"0":{"name":"(anonymous_0)","decl":{"start":{"line":8,"column":10},"end":{"line":8,"column":23}},"loc":{"start":{"line":8,"column":99},"end":{"line":26,"column":3}}},"1":{"name":"(anonymous_1)","decl":{"start":{"line":28,"column":9},"end":{"line":28,"column":13}},"loc":{"start":{"line":28,"column":51},"end":{"line":30,"column":3}}},"2":{"name":"(anonymous_2)","decl":{"start":{"line":32,"column":9},"end":{"line":32,"column":13}},"loc":{"start":{"line":32,"column":51},"end":{"line":34,"column":3}}},"3":{"name":"(anonymous_3)","decl":{"start":{"line":36,"column":9},"end":{"line":36,"column":14}},"loc":{"start":{"line":36,"column":52},"end":{"line":38,"column":3}}}},"branchMap":{"0":{"loc":{"start":{"line":8,"column":75},"end":{"line":8,"column":99}},"type":"default-arg","locations":[{"start":{"line":8,"column":97},"end":{"line":8,"column":99}}]},"1":{"loc":{"start":{"line":10,"column":25},"end":{"line":15,"column":21}},"type":"cond-expr","locations":[{"start":{"line":10,"column":58},"end":{"line":15,"column":6}},{"start":{"line":15,"column":8},"end":{"line":15,"column":21}}]},"2":{"loc":{"start":{"line":14,"column":10},"end":{"line":14,"column":137}},"type":"cond-expr","locations":[{"start":{"line":14,"column":88},"end":{"line":14,"column":132}},{"start":{"line":14,"column":135},"end":{"line":14,"column":137}}]},"3":{"loc":{"start":{"line":14,"column":10},"end":{"line":14,"column":84}},"type":"binary-expr","locations":[{"start":{"line":14,"column":10},"end":{"line":14,"column":38}},{"start":{"line":14,"column":42},"end":{"line":14,"column":59}},{"start":{"line":14,"column":63},"end":{"line":14,"column":84}}]},"4":{"loc":{"start":{"line":21,"column":17},"end":{"line":21,"column":51}},"type":"binary-expr","locations":[{"start":{"line":21,"column":17},"end":{"line":21,"column":34}},{"start":{"line":21,"column":38},"end":{"line":21,"column":51}}]}},"s":{"0":12,"1":12,"2":12,"3":2,"4":0,"5":10,"6":2,"7":2},"f":{"0":12,"1":2,"2":0,"3":10},"b":{"0":[0],"1":[10,2],"2":[8,2],"3":[10,10,10],"4":[12,0]}}
}
