TN:
SF:src\app.ts
FN:17,(anonymous_1)
FN:22,errorHandlerMiddleware
FNF:2
FNH:1
FNDA:0,(anonymous_1)
FNDA:10,errorHandlerMiddleware
DA:1,2
DA:2,2
DA:3,2
DA:4,2
DA:5,2
DA:6,2
DA:7,2
DA:9,2
DA:11,2
DA:12,2
DA:14,2
DA:15,2
DA:17,2
DA:18,0
DA:22,2
DA:23,10
DA:24,8
DA:34,8
DA:41,2
DA:42,0
DA:49,0
DA:56,2
DA:57,2
DA:64,2
DA:71,2
LF:25
LH:22
BRDA:23,0,0,8
BRDA:37,1,0,7
BRDA:37,1,1,1
BRDA:41,2,0,0
BRDA:56,3,0,2
BRDA:56,3,1,0
BRDA:67,4,0,0
BRDA:67,4,1,2
BRF:8
BRH:5
end_of_record
TN:
SF:src\adapters\googleHealthAdapter.ts
FN:30,(anonymous_0)
FN:36,(anonymous_1)
FN:49,(anonymous_2)
FN:100,(anonymous_3)
FN:156,(anonymous_4)
FN:165,(anonymous_5)
FNF:6
FNH:3
FNDA:2,(anonymous_0)
FNDA:2,(anonymous_1)
FNDA:1,(anonymous_2)
FNDA:0,(anonymous_3)
FNDA:0,(anonymous_4)
FNDA:0,(anonymous_5)
DA:1,2
DA:3,2
DA:4,2
DA:5,2
DA:7,2
DA:15,2
DA:16,2
DA:18,2
DA:31,2
DA:32,2
DA:33,2
DA:37,2
DA:46,2
DA:50,1
DA:51,1
DA:59,0
DA:74,0
DA:75,0
DA:76,0
DA:81,0
DA:82,0
DA:84,0
DA:85,0
DA:91,0
DA:92,0
DA:101,0
DA:102,0
DA:107,0
DA:108,0
DA:116,0
DA:130,0
DA:131,0
DA:132,0
DA:137,0
DA:138,0
DA:140,0
DA:141,0
DA:147,0
DA:148,0
DA:157,0
DA:166,0
DA:167,0
DA:168,0
DA:169,0
DA:170,0
DA:171,0
DA:172,0
DA:173,0
DA:174,0
DA:176,0
LF:50
LH:15
BRDA:31,0,0,2
BRDA:31,0,1,2
BRDA:32,1,0,2
BRDA:32,1,1,2
BRDA:33,2,0,2
BRDA:33,2,1,2
BRDA:50,3,0,1
BRDA:50,4,0,1
BRDA:50,4,1,0
BRDA:66,5,0,0
BRDA:66,5,1,0
BRDA:74,6,0,0
BRDA:84,7,0,0
BRDA:94,8,0,0
BRDA:94,8,1,0
BRDA:96,9,0,0
BRDA:96,9,1,0
BRDA:101,10,0,0
BRDA:107,11,0,0
BRDA:107,12,0,0
BRDA:107,12,1,0
BRDA:130,13,0,0
BRDA:140,14,0,0
BRDA:150,15,0,0
BRDA:150,15,1,0
BRDA:152,16,0,0
BRDA:152,16,1,0
BRDA:166,17,0,0
BRDA:166,17,1,0
BRDA:167,18,0,0
BRDA:167,18,1,0
BRDA:168,19,0,0
BRDA:168,19,1,0
BRDA:169,20,0,0
BRDA:169,20,1,0
BRDA:170,21,0,0
BRDA:170,21,1,0
BRDA:171,22,0,0
BRDA:171,22,1,0
BRDA:172,23,0,0
BRDA:172,23,1,0
BRDA:173,24,0,0
BRDA:173,24,1,0
BRDA:174,25,0,0
BRDA:174,25,1,0
BRF:45
BRH:8
end_of_record
TN:
SF:src\config\env.ts
FN:21,loadEnv
FN:24,(anonymous_10)
FNF:2
FNH:1
FNDA:4,loadEnv
FNDA:0,(anonymous_10)
DA:1,4
DA:2,4
DA:3,4
DA:5,4
DA:7,4
DA:22,4
DA:23,4
DA:24,0
DA:25,0
DA:29,4
DA:32,4
LF:11
LH:9
BRDA:23,0,0,0
BRF:1
BRH:0
end_of_record
TN:
SF:src\db\index.ts
FNF:0
FNH:0
DA:1,3
DA:2,3
DA:3,3
DA:4,3
DA:6,3
DA:8,3
DA:12,3
DA:13,3
LF:8
LH:8
BRDA:9,0,0,3
BRDA:9,0,1,0
BRF:2
BRH:1
end_of_record
TN:
SF:src\db\schema.ts
FN:14,(anonymous_0)
FN:26,(anonymous_1)
FN:41,(anonymous_2)
FN:53,(anonymous_3)
FNF:4
FNH:1
FNDA:0,(anonymous_0)
FNDA:0,(anonymous_1)
FNDA:3,(anonymous_2)
FNDA:0,(anonymous_3)
DA:1,4
DA:2,4
DA:4,4
DA:12,4
DA:14,0
DA:24,4
DA:26,0
DA:41,3
DA:51,4
DA:53,0
LF:10
LH:7
BRF:0
BRH:0
end_of_record
TN:
SF:src\errors\AppError.ts
FN:8,(anonymous_0)
FN:34,(anonymous_1)
FN:40,(anonymous_2)
FN:46,(anonymous_3)
FN:55,(anonymous_4)
FN:67,(anonymous_5)
FN:73,(anonymous_6)
FNF:7
FNH:7
FNDA:16,(anonymous_0)
FNDA:3,(anonymous_1)
FNDA:2,(anonymous_2)
FNDA:2,(anonymous_3)
FNDA:2,(anonymous_4)
FNDA:2,(anonymous_5)
FNDA:5,(anonymous_6)
DA:3,4
DA:9,16
DA:10,16
DA:11,16
DA:12,16
DA:13,16
DA:15,16
DA:22,16
DA:29,16
DA:33,4
DA:35,3
DA:39,4
DA:41,2
DA:45,4
DA:47,2
DA:51,4
DA:56,2
DA:61,2
DA:62,2
DA:66,4
DA:68,2
DA:72,4
DA:74,5
LF:23
LH:23
BRDA:8,0,0,0
BRDA:8,1,0,0
BRDA:8,2,0,0
BRDA:34,3,0,1
BRDA:40,4,0,2
BRDA:46,5,0,2
BRDA:55,6,0,2
BRDA:67,7,0,2
BRDA:73,8,0,2
BRF:9
BRH:6
end_of_record
TN:
SF:src\routes\authRoutes.ts
FN:27,authenticateToken
FN:50,(anonymous_2)
FN:93,(anonymous_3)
FN:138,(anonymous_4)
FNF:4
FNH:1
FNDA:2,authenticateToken
FNDA:0,(anonymous_2)
FNDA:0,(anonymous_3)
FNDA:0,(anonymous_4)
DA:1,2
DA:2,2
DA:3,2
DA:4,2
DA:5,2
DA:6,2
DA:7,2
DA:8,2
DA:9,2
DA:10,2
DA:11,2
DA:13,2
DA:15,2
DA:27,2
DA:28,2
DA:29,2
DA:31,2
DA:32,0
DA:35,2
DA:36,2
DA:37,2
DA:38,2
DA:40,0
DA:44,0
DA:48,2
DA:51,0
DA:52,0
DA:53,0
DA:59,0
DA:60,0
DA:62,0
DA:63,0
DA:64,0
DA:65,0
DA:69,0
DA:70,0
DA:71,0
DA:72,0
DA:74,0
DA:76,0
DA:77,0
DA:84,0
DA:85,0
DA:87,0
DA:91,2
DA:94,0
DA:95,0
DA:96,0
DA:102,0
DA:104,0
DA:105,0
DA:106,0
DA:107,0
DA:111,0
DA:112,0
DA:114,0
DA:121,0
DA:122,0
DA:123,0
DA:126,0
DA:127,0
DA:128,0
DA:131,0
DA:132,0
DA:134,0
DA:138,2
DA:139,0
LF:67
LH:24
BRDA:29,0,0,2
BRDA:29,0,1,2
BRDA:31,1,0,0
BRDA:42,2,0,0
BRDA:42,2,1,0
BRDA:52,3,0,0
BRDA:62,4,0,0
BRDA:62,5,0,0
BRDA:62,5,1,0
BRDA:71,6,0,0
BRDA:71,7,0,0
BRDA:71,7,1,0
BRDA:76,8,0,0
BRDA:80,9,0,0
BRDA:80,9,1,0
BRDA:95,10,0,0
BRDA:104,11,0,0
BRDA:104,12,0,0
BRDA:104,12,1,0
BRDA:117,13,0,0
BRDA:117,13,1,0
BRDA:122,14,0,0
BRDA:127,15,0,0
BRF:23
BRH:2
end_of_record
TN:
SF:src\routes\connectRoutes.ts
FN:27,(anonymous_0)
FN:48,(anonymous_1)
FN:99,(anonymous_2)
FN:137,(anonymous_3)
FNF:4
FNH:2
FNDA:2,(anonymous_0)
FNDA:2,(anonymous_1)
FNDA:0,(anonymous_2)
FNDA:0,(anonymous_3)
DA:1,2
DA:2,2
DA:3,2
DA:4,2
DA:5,2
DA:6,2
DA:7,2
DA:8,2
DA:9,2
DA:10,2
DA:11,2
DA:12,2
DA:14,2
DA:15,2
DA:17,2
DA:27,2
DA:28,2
DA:29,2
DA:30,2
DA:31,2
DA:33,2
DA:35,2
DA:41,0
DA:46,2
DA:49,2
DA:50,2
DA:51,0
DA:57,2
DA:58,2
DA:60,1
DA:62,1
DA:63,1
DA:72,0
DA:80,0
DA:85,0
DA:96,2
DA:100,0
DA:102,0
DA:103,0
DA:111,0
DA:112,0
DA:122,0
DA:129,0
DA:134,2
DA:138,0
DA:140,0
DA:141,0
DA:144,0
DA:145,0
DA:150,0
DA:157,0
DA:159,0
LF:52
LH:32
BRDA:50,0,0,0
BRDA:62,1,0,1
BRDA:102,2,0,0
BRDA:125,3,0,0
BRDA:125,3,1,0
BRDA:140,4,0,0
BRDA:153,5,0,0
BRDA:153,5,1,0
BRF:8
BRH:1
end_of_record
TN:
SF:src\services\connectedAccountService.ts
FN:7,upsertConnectedAccount
FN:20,(anonymous_1)
FNF:2
FNH:0
FNDA:0,upsertConnectedAccount
FNDA:0,(anonymous_1)
DA:1,3
DA:2,3
DA:3,3
DA:4,3
DA:5,3
DA:7,3
DA:16,0
DA:17,0
DA:19,0
DA:20,0
DA:21,0
DA:26,0
DA:27,0
DA:38,0
DA:48,0
DA:49,0
DA:53,0
DA:54,0
LF:18
LH:6
BRDA:13,0,0,0
BRDA:26,1,0,0
BRDA:26,1,1,0
BRDA:48,2,0,0
BRDA:53,3,0,0
BRDA:58,4,0,0
BRDA:58,4,1,0
BRF:7
BRH:0
end_of_record
TN:
SF:src\services\cryptoService.ts
FN:14,getEncryptionKey
FN:25,encryptToken
FN:55,decryptToken
FN:92,signState
FN:111,verifyState
FNF:5
FNH:5
FNDA:11,getEncryptionKey
FNDA:2,encryptToken
FNDA:2,decryptToken
FNDA:4,signState
FNDA:4,verifyState
DA:1,4
DA:2,4
DA:3,4
DA:4,4
DA:6,4
DA:8,4
DA:15,11
DA:16,11
DA:18,0
DA:25,4
DA:26,2
DA:27,0
DA:32,2
DA:33,2
DA:34,2
DA:35,2
DA:37,2
DA:38,2
DA:39,2
DA:41,2
DA:47,0
DA:48,0
DA:55,4
DA:57,2
DA:58,2
DA:60,0
DA:66,2
DA:67,2
DA:68,0
DA:74,2
DA:76,2
DA:77,2
DA:78,2
DA:79,2
DA:81,2
DA:82,2
DA:83,1
DA:85,1
DA:92,4
DA:93,4
DA:94,4
DA:95,4
DA:100,4
DA:101,4
DA:102,4
DA:104,0
DA:111,4
DA:112,4
DA:113,0
DA:118,4
DA:119,4
DA:120,1
DA:125,3
DA:126,3
DA:128,3
DA:129,0
DA:135,3
DA:136,3
DA:137,3
DA:139,0
DA:145,3
DA:146,3
DA:148,3
DA:149,1
DA:154,2
DA:155,2
DA:156,2
DA:158,0
LF:68
LH:57
BRDA:20,0,0,0
BRDA:20,0,1,0
BRDA:26,1,0,0
BRDA:47,2,0,0
BRDA:50,3,0,0
BRDA:50,3,1,0
BRDA:62,4,0,0
BRDA:62,4,1,0
BRDA:67,5,0,0
BRDA:87,6,0,0
BRDA:87,6,1,1
BRDA:106,7,0,0
BRDA:106,7,1,0
BRDA:112,8,0,0
BRDA:112,9,0,4
BRDA:112,9,1,4
BRDA:119,10,0,1
BRDA:128,11,0,0
BRDA:128,12,0,3
BRDA:128,12,1,3
BRDA:141,13,0,0
BRDA:141,13,1,0
BRDA:148,14,0,1
BRDA:148,15,0,3
BRDA:148,15,1,2
BRDA:160,16,0,0
BRDA:160,16,1,0
BRF:27
BRH:9
end_of_record
TN:
SF:src\services\metricsQueryService.ts
FN:14,filterReconciledOverRaw
FN:15,(anonymous_1)
FN:38,(anonymous_2)
FNF:3
FNH:2
FNDA:1,filterReconciledOverRaw
FNDA:2,(anonymous_1)
FNDA:0,(anonymous_2)
DA:14,1
DA:15,2
DA:17,1
DA:18,1
DA:20,1
DA:21,2
DA:22,1
DA:23,1
DA:25,1
DA:29,1
DA:31,1
DA:32,1
DA:33,1
DA:34,0
DA:38,1
LF:15
LH:14
BRDA:21,0,0,1
BRDA:21,0,1,1
BRDA:33,1,0,0
BRF:3
BRH:2
end_of_record
TN:
SF:src\utils\asyncHandler.ts
FN:3,(anonymous_0)
FN:6,(anonymous_1)
FNF:2
FNH:2
FNDA:10,(anonymous_0)
FNDA:2,(anonymous_1)
DA:3,2
DA:6,10
DA:7,2
LF:3
LH:3
BRF:0
BRH:0
end_of_record
TN:
SF:src\utils\fetchWithTimeout.ts
FN:11,fetchWithTimeout
FN:28,(anonymous_1)
FN:52,(anonymous_2)
FN:71,(anonymous_3)
FNF:4
FNH:0
FNDA:0,fetchWithTimeout
FNDA:0,(anonymous_1)
FNDA:0,(anonymous_2)
FNDA:0,(anonymous_3)
DA:1,2
DA:2,2
DA:11,2
DA:21,0
DA:23,0
DA:25,0
DA:26,0
DA:27,0
DA:28,0
DA:30,0
DA:31,0
DA:36,0
DA:39,0
DA:40,0
DA:44,0
DA:45,0
DA:52,0
DA:53,0
DA:56,0
DA:58,0
DA:60,0
DA:61,0
DA:63,0
DA:64,0
DA:71,0
DA:72,0
DA:75,0
DA:84,0
LF:28
LH:3
BRDA:13,0,0,0
BRDA:16,1,0,0
BRDA:17,2,0,0
BRDA:18,3,0,0
BRDA:19,4,0,0
BRDA:39,5,0,0
BRDA:39,6,0,0
BRDA:39,6,1,0
BRDA:44,7,0,0
BRDA:44,8,0,0
BRDA:44,8,1,0
BRDA:60,9,0,0
BRDA:60,9,1,0
BRDA:61,10,0,0
BRDA:61,10,1,0
BRDA:61,11,0,0
BRDA:61,11,1,0
BRDA:63,12,0,0
BRDA:63,13,0,0
BRDA:63,13,1,0
BRF:20
BRH:0
end_of_record
TN:
SF:src\utils\logger.ts
FN:8,(anonymous_0)
FN:28,(anonymous_1)
FN:32,(anonymous_2)
FN:36,(anonymous_3)
FNF:4
FNH:3
FNDA:12,(anonymous_0)
FNDA:2,(anonymous_1)
FNDA:0,(anonymous_2)
FNDA:10,(anonymous_3)
DA:7,2
DA:9,12
DA:10,12
DA:17,12
DA:29,2
DA:33,0
DA:37,10
DA:41,2
LF:8
LH:7
BRDA:8,0,0,0
BRDA:10,1,0,10
BRDA:10,1,1,2
BRDA:14,2,0,8
BRDA:14,2,1,2
BRDA:14,3,0,10
BRDA:14,3,1,10
BRDA:14,3,2,10
BRDA:21,4,0,12
BRDA:21,4,1,0
BRF:10
BRH:8
end_of_record
